<?xml version="1.0" encoding="UTF-8"?>
<testsuite name="com.gildedrose.GildedRoseTest" tests="9" skipped="0" failures="0" errors="0" timestamp="2022-10-06T13:02:57" hostname="kali" time="0.123">
  <properties/>
  <testcase name="Tests on the 'Aged Brie'" classname="com.gildedrose.GildedRoseTest" time="0.035"/>
  <testcase name="Test the quality and sellin of 'elexir'" classname="com.gildedrose.GildedRoseTest" time="0.002"/>
  <testcase name="Test quality  &gt; 0" classname="com.gildedrose.GildedRoseTest" time="0.002"/>
  <testcase name="Tests on the 'Backstage passes'" classname="com.gildedrose.GildedRoseTest" time="0.001"/>
  <testcase name="Test the quality and sellin of 'mana cake'" classname="com.gildedrose.GildedRoseTest" time="0.001"/>
  <testcase name="Test that the name is unchanged" classname="com.gildedrose.GildedRoseTest" time="0.001"/>
  <testcase name="Test that the quality of the elements is between 0 and 50" classname="com.gildedrose.GildedRoseTest" time="0.002"/>
  <testcase name="Test that the quality and sellin of 'Sulfuras' is unchanged" classname="com.gildedrose.GildedRoseTest" time="0.001"/>
  <testcase name="Test toString" classname="com.gildedrose.GildedRoseTest" time="0.06"/>
  <system-out><![CDATA[]]></system-out>
  <system-err><![CDATA[]]></system-err>
</testsuite>
